        -:    0:Source:TicTacToeBoardTest.cpp
        -:    0:Programs:2
        -:    1:/**
        -:    2: * Unit Tests for TicTacToeBoard
        -:    3:**/
        -:    4:
        -:    5:#include <gtest/gtest.h>
        -:    6:#include "TicTacToeBoard.h"
        -:    7: 
        -:    8:class TicTacToeBoardTest : public ::testing::Test
        -:    9:{
        -:   10:	protected:
        -:   11:		TicTacToeBoardTest(){} //constructor runs before each test
        -:   12:		virtual ~TicTacToeBoardTest(){} //destructor cleans up after tests
        -:   13:		virtual void SetUp(){} //sets up before each test (after constructor)
        -:   14:		virtual void TearDown(){} //clean up after each test, (before destructor) 
        -:   15:};
        -:   16:
        -:   17:/* EXAMPLE TEST FORMAT
        -:   18:TEST(TicTacToeBoardTest, unitTestName)
        -:   19:{
        -:   20:	ASSERT_TRUE(true);
        -:   21:}
        -:   22:*/
        -:   23:// TEST(PracticeTest, is_not_simple_palindrome)
        -:   24:// {
        -:   25://     Practice obj;
        -:   26://     bool actual = obj.isPalindrome("Not a palindrome");
        -:   27://     ASSERT_FALSE(actual);
        -:   28:// }
        -:   29:
        5:   30:TEST(TicTacToeBoardTest, toggleTurnX)
        -:   31:{
        1:   32:	TicTacToeBoard obj;
        1:   33:	obj.toggleTurn();
        1:   34:	ASSERT_EQ(obj.toggleTurn(), X);
        -:   35:}
        -:   36:
        5:   37:TEST(TicTacToeBoardTest, toggleTurnXtoO)
        -:   38:{
        1:   39:	TicTacToeBoard obj;
        1:   40:	ASSERT_EQ(obj.toggleTurn(), O);
        3:   41:}
